<?xml version="1.0" encoding="UTF-8"?>
<!-- Generated by org.testng.reporters.JUnitReportReporter -->
<testsuite hostname="A2ML31864" failures="0" tests="1" name="com.jenkins.assignment.GradingSystems" time="0.013" errors="0" timestamp="16 Sep 2019 08:36:39 GMT" skipped="0">
  <testcase classname="com.jenkins.assignment.GradingSystems" name="regressionTest" time="0.013"/>
</testsuite> <!-- com.jenkins.assignment.GradingSystems -->
